#
# There is insufficient memory for the Java Runtime Environment to continue.
# Native memory allocation (malloc) failed to allocate 1072496 bytes for Chunk::new
# Possible reasons:
#   The system is out of physical RAM or swap space
#   The process is running with CompressedOops enabled, and the Java Heap may be blocking the growth of the native heap
# Possible solutions:
#   Reduce memory load on the system
#   Increase physical memory or swap space
#   Check if swap backing store is full
#   Decrease Java heap size (-Xmx/-Xms)
#   Decrease number of Java threads
#   Decrease Java thread stack sizes (-Xss)
#   Set larger code cache with -XX:ReservedCodeCacheSize=
#   JVM is running with Unscaled Compressed Oops mode in which the Java heap is
#     placed in the first 4GB address space. The Java Heap base address is the
#     maximum limit for the native heap growth. Please use -XX:HeapBaseMinAddress
#     to set the Java Heap base and to place the Java Heap above 4GB virtual address.
# This output file may be truncated or incomplete.
#
#  Out of Memory Error (./src/hotspot/share/memory/arena.cpp:197), pid=25884, tid=25524
#
# JRE version: OpenJDK Runtime Environment (11.0.10) (build 11.0.10+0-b96-7249189)
# Java VM: OpenJDK 64-Bit Server VM (11.0.10+0-b96-7249189, mixed mode, tiered, compressed oops, g1 gc, windows-amd64)
# No core dump will be written. Minidumps are not enabled by default on client versions of Windows
#

---------------  S U M M A R Y ------------

Command Line: --add-opens=java.base/java.util=ALL-UNNAMED --add-opens=java.base/java.lang=ALL-UNNAMED --add-opens=java.base/java.lang.invoke=ALL-UNNAMED --add-opens=java.prefs/java.util.prefs=ALL-UNNAMED -Xmx2048m -Dfile.encoding=UTF-8 -Duser.country=CN -Duser.language=zh -Duser.variant org.gradle.launcher.daemon.bootstrap.GradleDaemon 6.1.1

Host: Intel(R) Core(TM) i5-7200U CPU @ 2.50GHz, 4 cores, 7G,  Windows 10 , 64 bit Build 19041 (10.0.19041.1348)
Time: Tue Nov 30 15:07:19 2021 中国标准时间 elapsed time: 42.856459 seconds (0d 0h 0m 42s)

---------------  T H R E A D  ---------------

Current thread (0x000002c97cf86800):  JavaThread "C2 CompilerThread0" daemon [_thread_in_native, id=25524, stack(0x000000ff5fd00000,0x000000ff5fe00000)]


Current CompileTask:
C2:  42856 9862       4       java.util.regex.Pattern::compile (498 bytes)

Stack: [0x000000ff5fd00000,0x000000ff5fe00000]
Native frames: (J=compiled Java code, j=interpreted, Vv=VM code, C=native code)
V  [jvm.dll+0x5ecfaa]
V  [jvm.dll+0x722bd5]
V  [jvm.dll+0x72412d]
V  [jvm.dll+0x7247e3]
V  [jvm.dll+0x242928]
V  [jvm.dll+0xbc4fc]
V  [jvm.dll+0xbca0c]
V  [jvm.dll+0x352d3b]
V  [jvm.dll+0x320ad3]
V  [jvm.dll+0x31ffca]
V  [jvm.dll+0x1fb602]
V  [jvm.dll+0x1fa7f4]
V  [jvm.dll+0x18354c]
V  [jvm.dll+0x208ee7]
V  [jvm.dll+0x207731]
V  [jvm.dll+0x6eb1cf]
V  [jvm.dll+0x6e3d45]
V  [jvm.dll+0x5ebe96]
C  [ucrtbase.dll+0x21bb2]
C  [KERNEL32.DLL+0x17034]
C  [ntdll.dll+0x52651]


---------------  P R O C E S S  ---------------

Threads class SMR info:
_java_thread_list=0x000002c91280e4b0, length=41, elements={
0x000002c97237c000, 0x000002c97cf4e000, 0x000002c97cf51800, 0x000002c97cf80000,
0x000002c97cf81000, 0x000002c97cf83000, 0x000002c97cf86800, 0x000002c97d894000,
0x000002c97d89e000, 0x000002c97d993000, 0x000002c97ee97800, 0x000002c97ed81000,
0x000002c97f106000, 0x000002c97e87e800, 0x000002c97dae6000, 0x000002c97e730000,
0x000002c97e1c3000, 0x000002c97e728000, 0x000002c97e729000, 0x000002c97e742000,
0x000002c97e73f800, 0x000002c97e741000, 0x000002c97e73d000, 0x000002c97e743000,
0x000002c97e743800, 0x000002c97e740800, 0x000002c97e73e800, 0x000002c97e73e000,
0x000002c97d9c7800, 0x000002c97d9c4800, 0x000002c97d9c9800, 0x000002c97d9cb000,
0x000002c97d9c5000, 0x000002c97d9ce000, 0x000002c97d9cc000, 0x000002c97d9cd800,
0x000002c97d9d0800, 0x000002c97d9cf000, 0x000002c97d9d3000, 0x000002c97d9d0000,
0x000002c915a18800
}

Java Threads: ( => current thread )
  0x000002c97237c000 JavaThread "main" [_thread_blocked, id=28972, stack(0x000000ff5f100000,0x000000ff5f200000)]
  0x000002c97cf4e000 JavaThread "Reference Handler" daemon [_thread_blocked, id=17988, stack(0x000000ff5f800000,0x000000ff5f900000)]
  0x000002c97cf51800 JavaThread "Finalizer" daemon [_thread_blocked, id=38244, stack(0x000000ff5f900000,0x000000ff5fa00000)]
  0x000002c97cf80000 JavaThread "Signal Dispatcher" daemon [_thread_blocked, id=32072, stack(0x000000ff5fa00000,0x000000ff5fb00000)]
  0x000002c97cf81000 JavaThread "Attach Listener" daemon [_thread_blocked, id=25532, stack(0x000000ff5fb00000,0x000000ff5fc00000)]
  0x000002c97cf83000 JavaThread "Service Thread" daemon [_thread_blocked, id=16164, stack(0x000000ff5fc00000,0x000000ff5fd00000)]
=>0x000002c97cf86800 JavaThread "C2 CompilerThread0" daemon [_thread_in_native, id=25524, stack(0x000000ff5fd00000,0x000000ff5fe00000)]
  0x000002c97d894000 JavaThread "C1 CompilerThread0" daemon [_thread_in_native, id=20672, stack(0x000000ff5fe00000,0x000000ff5ff00000)]
  0x000002c97d89e000 JavaThread "Sweeper thread" daemon [_thread_blocked, id=37500, stack(0x000000ff5ff00000,0x000000ff60000000)]
  0x000002c97d993000 JavaThread "Common-Cleaner" daemon [_thread_blocked, id=28660, stack(0x000000ff60000000,0x000000ff60100000)]
  0x000002c97ee97800 JavaThread "Daemon health stats" [_thread_blocked, id=23056, stack(0x000000ff60500000,0x000000ff60600000)]
  0x000002c97ed81000 JavaThread "Incoming local TCP Connector on port 50333" [_thread_in_native, id=31056, stack(0x000000ff60400000,0x000000ff60500000)]
  0x000002c97f106000 JavaThread "Daemon periodic checks" [_thread_blocked, id=14636, stack(0x000000ff60600000,0x000000ff60700000)]
  0x000002c97e87e800 JavaThread "Daemon" [_thread_blocked, id=23720, stack(0x000000ff60700000,0x000000ff60800000)]
  0x000002c97dae6000 JavaThread "Handler for socket connection from /127.0.0.1:50333 to /127.0.0.1:50343" [_thread_in_native, id=2672, stack(0x000000ff60800000,0x000000ff60900000)]
  0x000002c97e730000 JavaThread "Cancel handler" [_thread_blocked, id=3476, stack(0x000000ff60a00000,0x000000ff60b00000)]
  0x000002c97e1c3000 JavaThread "Daemon worker" [_thread_in_native, id=19764, stack(0x000000ff60b00000,0x000000ff60c00000)]
  0x000002c97e728000 JavaThread "Asynchronous log dispatcher for DefaultDaemonConnection: socket connection from /127.0.0.1:50333 to /127.0.0.1:50343" [_thread_blocked, id=25476, stack(0x000000ff60c00000,0x000000ff60d00000)]
  0x000002c97e729000 JavaThread "Stdin handler" [_thread_blocked, id=39284, stack(0x000000ff60d00000,0x000000ff60e00000)]
  0x000002c97e742000 JavaThread "Thread-8" [_thread_blocked, id=33736, stack(0x000000ff60e00000,0x000000ff60f00000)]
  0x000002c97e73f800 JavaThread "Cache worker for journal cache (D:\.gradle\caches\journal-1)" [_thread_blocked, id=36024, stack(0x000000ff60f00000,0x000000ff61000000)]
  0x000002c97e741000 JavaThread "File lock request listener" [_thread_in_native, id=39824, stack(0x000000ff61000000,0x000000ff61100000)]
  0x000002c97e73d000 JavaThread "Cache worker for file hash cache (D:\.gradle\caches\6.1.1\fileHashes)" [_thread_blocked, id=18672, stack(0x000000ff61100000,0x000000ff61200000)]
  0x000002c97e743000 JavaThread "Cache worker for checksums cache (C:\Users\ASUS\Desktop\Chapter8-main (1)\Chapter8-main\CameraDemo\.gradle\checksums)" [_thread_blocked, id=36232, stack(0x000000ff61300000,0x000000ff61400000)]
  0x000002c97e743800 JavaThread "Cache worker for file hash cache (C:\Users\ASUS\Desktop\Chapter8-main (1)\Chapter8-main\CameraDemo\.gradle\6.1.1\fileHashes)" [_thread_blocked, id=22072, stack(0x000000ff61400000,0x000000ff61500000)]
  0x000002c97e740800 JavaThread "Cache worker for cache directory md-supplier (D:\.gradle\caches\6.1.1\md-supplier)" [_thread_blocked, id=36720, stack(0x000000ff61200000,0x000000ff61300000)]
  0x000002c97e73e800 JavaThread "Cache worker for cache directory md-rule (D:\.gradle\caches\6.1.1\md-rule)" [_thread_blocked, id=18944, stack(0x000000ff61500000,0x000000ff61600000)]
  0x000002c97e73e000 JavaThread "Cache worker for execution history cache (D:\.gradle\caches\6.1.1\executionHistory)" [_thread_blocked, id=9424, stack(0x000000ff61600000,0x000000ff61700000)]
  0x000002c97d9c7800 JavaThread "Build operations" [_thread_blocked, id=20712, stack(0x000000ff61700000,0x000000ff61800000)]
  0x000002c97d9c4800 JavaThread "Build operations Thread 2" [_thread_blocked, id=3140, stack(0x000000ff61800000,0x000000ff61900000)]
  0x000002c97d9c9800 JavaThread "Build operations Thread 3" [_thread_blocked, id=35508, stack(0x000000ff61900000,0x000000ff61a00000)]
  0x000002c97d9cb000 JavaThread "Build operations Thread 4" [_thread_blocked, id=29864, stack(0x000000ff61a00000,0x000000ff61b00000)]
  0x000002c97d9c5000 JavaThread "Cache worker for Build Output Cleanup Cache (C:\Users\ASUS\Desktop\Chapter8-main (1)\Chapter8-main\CameraDemo\.gradle\buildOutputCleanup)" [_thread_blocked, id=30032, stack(0x000000ff61b00000,0x000000ff61c00000)]
  0x000002c97d9ce000 JavaThread "Memory manager" [_thread_blocked, id=27516, stack(0x000000ff61c00000,0x000000ff61d00000)]
  0x000002c97d9cc000 JavaThread "Cache worker for file content cache (D:\.gradle\caches\6.1.1\fileContent)" [_thread_blocked, id=35916, stack(0x000000ff61d00000,0x000000ff61e00000)]
  0x000002c97d9cd800 JavaThread "Cache worker for file content cache (C:\Users\ASUS\Desktop\Chapter8-main (1)\Chapter8-main\CameraDemo\.gradle\6.1.1\fileContent)" [_thread_blocked, id=16624, stack(0x000000ff61e00000,0x000000ff61f00000)]
  0x000002c97d9d0800 JavaThread "Execution worker for ':'" [_thread_blocked, id=3408, stack(0x000000ff61f00000,0x000000ff62000000)]
  0x000002c97d9cf000 JavaThread "Execution worker for ':' Thread 2" [_thread_blocked, id=9256, stack(0x000000ff62000000,0x000000ff62100000)]
  0x000002c97d9d3000 JavaThread "Execution worker for ':' Thread 3" [_thread_in_Java, id=23076, stack(0x000000ff62100000,0x000000ff62200000)]
  0x000002c97d9d0000 JavaThread "Cache worker for execution history cache (C:\Users\ASUS\Desktop\Chapter8-main (1)\Chapter8-main\CameraDemo\.gradle\6.1.1\executionHistory)" [_thread_blocked, id=9440, stack(0x000000ff62200000,0x000000ff62300000)]
  0x000002c915a18800 JavaThread "C2 CompilerThread1" daemon [_thread_in_native, id=11004, stack(0x000000ff62400000,0x000000ff62500000)]

Other Threads:
  0x000002c97cf0f000 VMThread "VM Thread" [stack: 0x000000ff5f700000,0x000000ff5f800000] [id=23280]
  0x000002c97d9c1000 WatcherThread [stack: 0x000000ff60100000,0x000000ff60200000] [id=29064]
  0x000002c972394800 GCTaskThread "GC Thread#0" [stack: 0x000000ff5f200000,0x000000ff5f300000] [id=18384]
  0x000002c97e03f000 GCTaskThread "GC Thread#1" [stack: 0x000000ff60200000,0x000000ff60300000] [id=23776]
  0x000002c97e03f800 GCTaskThread "GC Thread#2" [stack: 0x000000ff60300000,0x000000ff60400000] [id=26184]
  0x000002c97e1bf800 GCTaskThread "GC Thread#3" [stack: 0x000000ff60900000,0x000000ff60a00000] [id=16764]
  0x000002c9723c5000 ConcurrentGCThread "G1 Main Marker" [stack: 0x000000ff5f300000,0x000000ff5f400000] [id=32924]
  0x000002c9723c7800 ConcurrentGCThread "G1 Conc#0" [stack: 0x000000ff5f400000,0x000000ff5f500000] [id=22576]
  0x000002c972455800 ConcurrentGCThread "G1 Refine#0" [stack: 0x000000ff5f500000,0x000000ff5f600000] [id=22076]
  0x000002c972456800 ConcurrentGCThread "G1 Young RemSet Sampling" [stack: 0x000000ff5f600000,0x000000ff5f700000] [id=34028]

Threads with active compile tasks:
C2 CompilerThread0  42896 9862       4       java.util.regex.Pattern::compile (498 bytes)
C2 CompilerThread1  42896 9875   !   4       java.util.zip.InflaterInputStream::read (138 bytes)

VM state:not at safepoint (normal execution)

VM Mutex/Monitor currently owned by a thread: None

OutOfMemory and StackOverflow Exception counts:
OutOfMemoryError java_heap_errors=1
LinkageErrors=111

Heap address: 0x0000000080000000, size: 2048 MB, Compressed Oops mode: 32-bit
Narrow klass base: 0x0000000000000000, Narrow klass shift: 3
Compressed class space size: 1073741824 Address: 0x0000000100000000

Heap:
 garbage-first heap   total 131072K, used 103435K [0x0000000080000000, 0x0000000100000000)
  region size 1024K, 8 young (8192K), 2 survivors (2048K)
 Metaspace       used 81936K, capacity 83986K, committed 84144K, reserved 1124352K
  class space    used 10433K, capacity 11185K, committed 11264K, reserved 1048576K
Heap Regions: E=young(eden), S=young(survivor), O=old, HS=humongous(starts), HC=humongous(continues), CS=collection set, F=free, A=archive, TAMS=top-at-mark-start (previous, next)
|   0|0x0000000080000000, 0x0000000080100000, 0x0000000080100000|100%| O|  |TAMS 0x0000000080100000, 0x0000000080100000| Untracked 
|   1|0x0000000080100000, 0x0000000080200000, 0x0000000080200000|100%| O|  |TAMS 0x0000000080200000, 0x0000000080200000| Untracked 
|   2|0x0000000080200000, 0x0000000080300000, 0x0000000080300000|100%| O|  |TAMS 0x0000000080300000, 0x0000000080300000| Untracked 
|   3|0x0000000080300000, 0x0000000080400000, 0x0000000080400000|100%|HS|  |TAMS 0x0000000080400000, 0x0000000080400000| Complete 
|   4|0x0000000080400000, 0x0000000080500000, 0x0000000080500000|100%|HC|  |TAMS 0x0000000080500000, 0x0000000080500000| Complete 
|   5|0x0000000080500000, 0x0000000080600000, 0x0000000080600000|100%|HC|  |TAMS 0x0000000080600000, 0x0000000080600000| Complete 
|   6|0x0000000080600000, 0x0000000080700000, 0x0000000080700000|100%| O|  |TAMS 0x0000000080700000, 0x0000000080700000| Untracked 
|   7|0x0000000080700000, 0x0000000080800000, 0x0000000080800000|100%| O|  |TAMS 0x0000000080800000, 0x0000000080800000| Untracked 
|   8|0x0000000080800000, 0x0000000080900000, 0x0000000080900000|100%| O|  |TAMS 0x0000000080900000, 0x0000000080900000| Untracked 
|   9|0x0000000080900000, 0x0000000080a00000, 0x0000000080a00000|100%| O|  |TAMS 0x0000000080a00000, 0x0000000080a00000| Untracked 
|  10|0x0000000080a00000, 0x0000000080b00000, 0x0000000080b00000|100%| O|  |TAMS 0x0000000080b00000, 0x0000000080b00000| Untracked 
|  11|0x0000000080b00000, 0x0000000080c00000, 0x0000000080c00000|100%| O|  |TAMS 0x0000000080c00000, 0x0000000080c00000| Untracked 
|  12|0x0000000080c00000, 0x0000000080d00000, 0x0000000080d00000|100%| O|  |TAMS 0x0000000080d00000, 0x0000000080d00000| Untracked 
|  13|0x0000000080d00000, 0x0000000080e00000, 0x0000000080e00000|100%|HS|  |TAMS 0x0000000080e00000, 0x0000000080e00000| Complete 
|  14|0x0000000080e00000, 0x0000000080f00000, 0x0000000080f00000|100%|HC|  |TAMS 0x0000000080f00000, 0x0000000080f00000| Complete 
|  15|0x0000000080f00000, 0x0000000081000000, 0x0000000081000000|100%|HS|  |TAMS 0x0000000081000000, 0x0000000081000000| Complete 
|  16|0x0000000081000000, 0x0000000081100000, 0x0000000081100000|100%|HC|  |TAMS 0x0000000081100000, 0x0000000081100000| Complete 
|  17|0x0000000081100000, 0x0000000081200000, 0x0000000081200000|100%|HC|  |TAMS 0x0000000081200000, 0x0000000081200000| Complete 
|  18|0x0000000081200000, 0x0000000081300000, 0x0000000081300000|100%|HS|  |TAMS 0x0000000081300000, 0x0000000081300000| Complete 
|  19|0x0000000081300000, 0x0000000081400000, 0x0000000081400000|100%|HC|  |TAMS 0x0000000081400000, 0x0000000081400000| Complete 
|  20|0x0000000081400000, 0x0000000081500000, 0x0000000081500000|100%|HC|  |TAMS 0x0000000081500000, 0x0000000081500000| Complete 
|  21|0x0000000081500000, 0x0000000081600000, 0x0000000081600000|100%|HC|  |TAMS 0x0000000081600000, 0x0000000081600000| Complete 
|  22|0x0000000081600000, 0x0000000081700000, 0x0000000081700000|100%|HC|  |TAMS 0x0000000081700000, 0x0000000081700000| Complete 
|  23|0x0000000081700000, 0x0000000081800000, 0x0000000081800000|100%| O|  |TAMS 0x0000000081800000, 0x0000000081800000| Untracked 
|  24|0x0000000081800000, 0x0000000081900000, 0x0000000081900000|100%| O|  |TAMS 0x0000000081900000, 0x0000000081900000| Untracked 
|  25|0x0000000081900000, 0x0000000081a00000, 0x0000000081a00000|100%| O|  |TAMS 0x0000000081a00000, 0x0000000081a00000| Untracked 
|  26|0x0000000081a00000, 0x0000000081b00000, 0x0000000081b00000|100%| O|  |TAMS 0x0000000081b00000, 0x0000000081b00000| Untracked 
|  27|0x0000000081b00000, 0x0000000081c00000, 0x0000000081c00000|100%| O|  |TAMS 0x0000000081c00000, 0x0000000081c00000| Untracked 
|  28|0x0000000081c00000, 0x0000000081d00000, 0x0000000081d00000|100%| O|  |TAMS 0x0000000081d00000, 0x0000000081d00000| Untracked 
|  29|0x0000000081d00000, 0x0000000081e00000, 0x0000000081e00000|100%| O|  |TAMS 0x0000000081e00000, 0x0000000081e00000| Untracked 
|  30|0x0000000081e00000, 0x0000000081f00000, 0x0000000081f00000|100%| O|  |TAMS 0x0000000081f00000, 0x0000000081f00000| Untracked 
|  31|0x0000000081f00000, 0x0000000082000000, 0x0000000082000000|100%| O|  |TAMS 0x0000000082000000, 0x0000000082000000| Untracked 
|  32|0x0000000082000000, 0x0000000082100000, 0x0000000082100000|100%| O|  |TAMS 0x0000000082100000, 0x0000000082100000| Untracked 
|  33|0x0000000082100000, 0x0000000082200000, 0x0000000082200000|100%|HS|  |TAMS 0x0000000082200000, 0x0000000082200000| Complete 
|  34|0x0000000082200000, 0x0000000082300000, 0x0000000082300000|100%|HS|  |TAMS 0x0000000082300000, 0x0000000082300000| Complete 
|  35|0x0000000082300000, 0x0000000082400000, 0x0000000082400000|100%|HC|  |TAMS 0x0000000082400000, 0x0000000082400000| Complete 
|  36|0x0000000082400000, 0x0000000082500000, 0x0000000082500000|100%|HC|  |TAMS 0x0000000082500000, 0x0000000082500000| Complete 
|  37|0x0000000082500000, 0x0000000082600000, 0x0000000082600000|100%|HS|  |TAMS 0x0000000082600000, 0x0000000082600000| Complete 
|  38|0x0000000082600000, 0x0000000082700000, 0x0000000082700000|100%|HC|  |TAMS 0x0000000082700000, 0x0000000082700000| Complete 
|  39|0x0000000082700000, 0x0000000082800000, 0x0000000082800000|100%|HC|  |TAMS 0x0000000082800000, 0x0000000082800000| Complete 
|  40|0x0000000082800000, 0x0000000082900000, 0x0000000082900000|100%|HS|  |TAMS 0x0000000082900000, 0x0000000082900000| Complete 
|  41|0x0000000082900000, 0x0000000082a00000, 0x0000000082a00000|100%|HC|  |TAMS 0x0000000082a00000, 0x0000000082a00000| Complete 
|  42|0x0000000082a00000, 0x0000000082b00000, 0x0000000082b00000|100%| O|  |TAMS 0x0000000082b00000, 0x0000000082b00000| Untracked 
|  43|0x0000000082b00000, 0x0000000082c00000, 0x0000000082c00000|100%| O|  |TAMS 0x0000000082c00000, 0x0000000082c00000| Untracked 
|  44|0x0000000082c00000, 0x0000000082d00000, 0x0000000082d00000|100%| O|  |TAMS 0x0000000082d00000, 0x0000000082d00000| Untracked 
|  45|0x0000000082d00000, 0x0000000082e00000, 0x0000000082e00000|100%| O|  |TAMS 0x0000000082e00000, 0x0000000082e00000| Untracked 
|  46|0x0000000082e00000, 0x0000000082f00000, 0x0000000082f00000|100%| O|  |TAMS 0x0000000082f00000, 0x0000000082f00000| Untracked 
|  47|0x0000000082f00000, 0x0000000083000000, 0x0000000083000000|100%| O|  |TAMS 0x0000000083000000, 0x0000000083000000| Untracked 
|  48|0x0000000083000000, 0x0000000083100000, 0x0000000083100000|100%| O|  |TAMS 0x0000000083100000, 0x0000000083100000| Untracked 
|  49|0x0000000083100000, 0x0000000083200000, 0x0000000083200000|100%| O|  |TAMS 0x0000000083200000, 0x0000000083200000| Untracked 
|  50|0x0000000083200000, 0x0000000083300000, 0x0000000083300000|100%| O|  |TAMS 0x0000000083300000, 0x0000000083300000| Untracked 
|  51|0x0000000083300000, 0x0000000083400000, 0x0000000083400000|100%| O|  |TAMS 0x0000000083400000, 0x0000000083400000| Untracked 
|  52|0x0000000083400000, 0x0000000083500000, 0x0000000083500000|100%| O|  |TAMS 0x0000000083500000, 0x0000000083500000| Untracked 
|  53|0x0000000083500000, 0x0000000083600000, 0x0000000083600000|100%| O|  |TAMS 0x0000000083600000, 0x0000000083600000| Untracked 
|  54|0x0000000083600000, 0x0000000083700000, 0x0000000083700000|100%| O|  |TAMS 0x0000000083700000, 0x0000000083700000| Untracked 
|  55|0x0000000083700000, 0x0000000083800000, 0x0000000083800000|100%| O|  |TAMS 0x0000000083800000, 0x0000000083800000| Untracked 
|  56|0x0000000083800000, 0x0000000083900000, 0x0000000083900000|100%| O|  |TAMS 0x0000000083900000, 0x0000000083900000| Untracked 
|  57|0x0000000083900000, 0x0000000083a00000, 0x0000000083a00000|100%| O|  |TAMS 0x0000000083a00000, 0x0000000083a00000| Untracked 
|  58|0x0000000083a00000, 0x0000000083b00000, 0x0000000083b00000|100%| O|  |TAMS 0x0000000083b00000, 0x0000000083b00000| Untracked 
|  59|0x0000000083b00000, 0x0000000083c00000, 0x0000000083c00000|100%| O|  |TAMS 0x0000000083c00000, 0x0000000083c00000| Untracked 
|  60|0x0000000083c00000, 0x0000000083d00000, 0x0000000083d00000|100%| O|  |TAMS 0x0000000083d00000, 0x0000000083d00000| Untracked 
|  61|0x0000000083d00000, 0x0000000083e00000, 0x0000000083e00000|100%| O|  |TAMS 0x0000000083e00000, 0x0000000083e00000| Untracked 
|  62|0x0000000083e00000, 0x0000000083f00000, 0x0000000083f00000|100%| O|  |TAMS 0x0000000083f00000, 0x0000000083f00000| Untracked 
|  63|0x0000000083f00000, 0x0000000084000000, 0x0000000084000000|100%| O|  |TAMS 0x0000000084000000, 0x0000000084000000| Untracked 
|  64|0x0000000084000000, 0x0000000084100000, 0x0000000084100000|100%| O|  |TAMS 0x0000000084100000, 0x0000000084100000| Untracked 
|  65|0x0000000084100000, 0x0000000084200000, 0x0000000084200000|100%| O|  |TAMS 0x0000000084200000, 0x0000000084200000| Untracked 
|  66|0x0000000084200000, 0x0000000084300000, 0x0000000084300000|100%| O|  |TAMS 0x0000000084300000, 0x0000000084300000| Untracked 
|  67|0x0000000084300000, 0x0000000084400000, 0x0000000084400000|100%| O|  |TAMS 0x0000000084400000, 0x0000000084400000| Untracked 
|  68|0x0000000084400000, 0x0000000084500000, 0x0000000084500000|100%| O|  |TAMS 0x0000000084500000, 0x0000000084500000| Untracked 
|  69|0x0000000084500000, 0x0000000084600000, 0x0000000084600000|100%| O|  |TAMS 0x0000000084600000, 0x0000000084600000| Untracked 
|  70|0x0000000084600000, 0x0000000084700000, 0x0000000084700000|100%| O|  |TAMS 0x0000000084700000, 0x0000000084700000| Untracked 
|  71|0x0000000084700000, 0x0000000084800000, 0x0000000084800000|100%| O|  |TAMS 0x0000000084800000, 0x0000000084800000| Untracked 
|  72|0x0000000084800000, 0x0000000084900000, 0x0000000084900000|100%| O|  |TAMS 0x0000000084900000, 0x0000000084900000| Untracked 
|  73|0x0000000084900000, 0x0000000084a00000, 0x0000000084a00000|100%| O|  |TAMS 0x0000000084a00000, 0x0000000084a00000| Untracked 
|  74|0x0000000084a00000, 0x0000000084b00000, 0x0000000084b00000|100%| O|  |TAMS 0x0000000084b00000, 0x0000000084b00000| Untracked 
|  75|0x0000000084b00000, 0x0000000084c00000, 0x0000000084c00000|100%| O|  |TAMS 0x0000000084c00000, 0x0000000084c00000| Untracked 
|  76|0x0000000084c00000, 0x0000000084d00000, 0x0000000084d00000|100%| O|  |TAMS 0x0000000084d00000, 0x0000000084d00000| Untracked 
|  77|0x0000000084d00000, 0x0000000084e00000, 0x0000000084e00000|100%| O|  |TAMS 0x0000000084e00000, 0x0000000084e00000| Untracked 
|  78|0x0000000084e00000, 0x0000000084f00000, 0x0000000084f00000|100%| O|  |TAMS 0x0000000084f00000, 0x0000000084f00000| Untracked 
|  79|0x0000000084f00000, 0x0000000085000000, 0x0000000085000000|100%| O|  |TAMS 0x0000000085000000, 0x0000000085000000| Untracked 
|  80|0x0000000085000000, 0x0000000085100000, 0x0000000085100000|100%| O|  |TAMS 0x0000000085100000, 0x0000000085100000| Untracked 
|  81|0x0000000085100000, 0x0000000085200000, 0x0000000085200000|100%| O|  |TAMS 0x0000000085200000, 0x0000000085200000| Untracked 
|  82|0x0000000085200000, 0x0000000085300000, 0x0000000085300000|100%| O|  |TAMS 0x0000000085300000, 0x0000000085300000| Untracked 
|  83|0x0000000085300000, 0x0000000085400000, 0x0000000085400000|100%| O|  |TAMS 0x0000000085397c00, 0x0000000085400000| Untracked 
|  84|0x0000000085400000, 0x0000000085500000, 0x0000000085500000|100%| O|  |TAMS 0x0000000085400000, 0x0000000085500000| Untracked 
|  85|0x0000000085500000, 0x0000000085600000, 0x0000000085600000|100%|HS|  |TAMS 0x0000000085500000, 0x0000000085600000| Complete 
|  86|0x0000000085600000, 0x0000000085700000, 0x0000000085700000|100%| O|  |TAMS 0x0000000085600000, 0x0000000085700000| Untracked 
|  87|0x0000000085700000, 0x0000000085800000, 0x0000000085800000|100%| O|  |TAMS 0x0000000085700000, 0x0000000085800000| Untracked 
|  88|0x0000000085800000, 0x0000000085900000, 0x0000000085900000|100%| O|  |TAMS 0x0000000085800000, 0x0000000085900000| Untracked 
|  89|0x0000000085900000, 0x0000000085a00000, 0x0000000085a00000|100%| O|  |TAMS 0x0000000085900000, 0x0000000085a00000| Untracked 
|  90|0x0000000085a00000, 0x0000000085b00000, 0x0000000085b00000|100%| O|  |TAMS 0x0000000085a00000, 0x0000000085b00000| Untracked 
|  91|0x0000000085b00000, 0x0000000085c00000, 0x0000000085c00000|100%| O|  |TAMS 0x0000000085b00000, 0x0000000085c00000| Untracked 
|  92|0x0000000085c00000, 0x0000000085d00000, 0x0000000085d00000|100%| O|  |TAMS 0x0000000085c00000, 0x0000000085d00000| Untracked 
|  93|0x0000000085d00000, 0x0000000085d75200, 0x0000000085e00000| 45%| O|  |TAMS 0x0000000085d00000, 0x0000000085d75200| Untracked 
|  94|0x0000000085e00000, 0x0000000085f00000, 0x0000000085f00000|100%|HS|  |TAMS 0x0000000085e00000, 0x0000000085e00000| Complete 
|  95|0x0000000085f00000, 0x0000000085f00000, 0x0000000086000000|  0%| F|  |TAMS 0x0000000085f00000, 0x0000000085f00000| Untracked 
|  96|0x0000000086000000, 0x0000000086000000, 0x0000000086100000|  0%| F|  |TAMS 0x0000000086000000, 0x0000000086000000| Untracked 
|  97|0x0000000086100000, 0x0000000086100000, 0x0000000086200000|  0%| F|  |TAMS 0x0000000086100000, 0x0000000086100000| Untracked 
|  98|0x0000000086200000, 0x0000000086200000, 0x0000000086300000|  0%| F|  |TAMS 0x0000000086200000, 0x0000000086200000| Untracked 
|  99|0x0000000086300000, 0x0000000086300000, 0x0000000086400000|  0%| F|  |TAMS 0x0000000086300000, 0x0000000086300000| Untracked 
| 100|0x0000000086400000, 0x0000000086400000, 0x0000000086500000|  0%| F|  |TAMS 0x0000000086400000, 0x0000000086400000| Untracked 
| 101|0x0000000086500000, 0x0000000086500000, 0x0000000086600000|  0%| F|  |TAMS 0x0000000086500000, 0x0000000086500000| Untracked 
| 102|0x0000000086600000, 0x0000000086600000, 0x0000000086700000|  0%| F|  |TAMS 0x0000000086600000, 0x0000000086600000| Untracked 
| 103|0x0000000086700000, 0x0000000086700000, 0x0000000086800000|  0%| F|  |TAMS 0x0000000086700000, 0x0000000086700000| Untracked 
| 104|0x0000000086800000, 0x0000000086800000, 0x0000000086900000|  0%| F|  |TAMS 0x0000000086800000, 0x0000000086800000| Untracked 
| 105|0x0000000086900000, 0x0000000086900000, 0x0000000086a00000|  0%| F|  |TAMS 0x0000000086900000, 0x0000000086900000| Untracked 
| 106|0x0000000086a00000, 0x0000000086a00000, 0x0000000086b00000|  0%| F|  |TAMS 0x0000000086a00000, 0x0000000086a00000| Untracked 
| 107|0x0000000086b00000, 0x0000000086b00000, 0x0000000086c00000|  0%| F|  |TAMS 0x0000000086b00000, 0x0000000086b00000| Untracked 
| 108|0x0000000086c00000, 0x0000000086c00000, 0x0000000086d00000|  0%| F|  |TAMS 0x0000000086c00000, 0x0000000086c00000| Untracked 
| 109|0x0000000086d00000, 0x0000000086d00000, 0x0000000086e00000|  0%| F|  |TAMS 0x0000000086d00000, 0x0000000086d00000| Untracked 
| 110|0x0000000086e00000, 0x0000000086e00000, 0x0000000086f00000|  0%| F|  |TAMS 0x0000000086e00000, 0x0000000086e00000| Untracked 
| 111|0x0000000086f00000, 0x0000000086f00000, 0x0000000087000000|  0%| F|  |TAMS 0x0000000086f00000, 0x0000000086f00000| Untracked 
| 112|0x0000000087000000, 0x0000000087000000, 0x0000000087100000|  0%| F|  |TAMS 0x0000000087000000, 0x0000000087000000| Untracked 
| 113|0x0000000087100000, 0x0000000087100000, 0x0000000087200000|  0%| F|  |TAMS 0x0000000087100000, 0x0000000087100000| Untracked 
| 114|0x0000000087200000, 0x0000000087200000, 0x0000000087300000|  0%| F|  |TAMS 0x0000000087200000, 0x0000000087200000| Untracked 
| 115|0x0000000087300000, 0x0000000087300000, 0x0000000087400000|  0%| F|  |TAMS 0x0000000087300000, 0x0000000087300000| Untracked 
| 116|0x0000000087400000, 0x0000000087400000, 0x0000000087500000|  0%| F|  |TAMS 0x0000000087400000, 0x0000000087400000| Untracked 
| 117|0x0000000087500000, 0x0000000087500000, 0x0000000087600000|  0%| F|  |TAMS 0x0000000087500000, 0x0000000087500000| Untracked 
| 118|0x0000000087600000, 0x0000000087600000, 0x0000000087700000|  0%| F|  |TAMS 0x0000000087600000, 0x0000000087600000| Untracked 
| 119|0x0000000087700000, 0x000000008778dc48, 0x0000000087800000| 55%| S|CS|TAMS 0x0000000087700000, 0x0000000087700000| Complete 
| 120|0x0000000087800000, 0x0000000087900000, 0x0000000087900000|100%| S|CS|TAMS 0x0000000087800000, 0x0000000087800000| Complete 
| 121|0x0000000087900000, 0x0000000087900000, 0x0000000087a00000|  0%| F|  |TAMS 0x0000000087900000, 0x0000000087900000| Untracked 
| 122|0x0000000087a00000, 0x0000000087a91350, 0x0000000087b00000| 56%| E|  |TAMS 0x0000000087a00000, 0x0000000087a00000| Complete 
| 123|0x0000000087b00000, 0x0000000087c00000, 0x0000000087c00000|100%| E|CS|TAMS 0x0000000087b00000, 0x0000000087b00000| Complete 
| 124|0x0000000087c00000, 0x0000000087d00000, 0x0000000087d00000|100%| E|CS|TAMS 0x0000000087c00000, 0x0000000087c00000| Complete 
| 125|0x0000000087d00000, 0x0000000087e00000, 0x0000000087e00000|100%| E|CS|TAMS 0x0000000087d00000, 0x0000000087d00000| Complete 
| 126|0x0000000087e00000, 0x0000000087f00000, 0x0000000087f00000|100%| E|CS|TAMS 0x0000000087e00000, 0x0000000087e00000| Complete 
| 127|0x0000000087f00000, 0x0000000088000000, 0x0000000088000000|100%| E|CS|TAMS 0x0000000087f00000, 0x0000000087f00000| Complete 

Card table byte_map: [0x000002c976270000,0x000002c976670000] _byte_map_base: 0x000002c975e70000

Marking Bits (Prev, Next): (CMBitMap*) 0x000002c9723bc460, (CMBitMap*) 0x000002c9723bc428
 Prev Bits: [0x000002c978a70000, 0x000002c97aa70000)
 Next Bits: [0x000002c976a70000, 0x000002c978a70000)

Polling page: 0x000002c971b60000

Metaspace:

Usage:
  Non-class:     71.09 MB capacity,    69.83 MB ( 98%) used,     1.07 MB (  2%) free+waste,   201.19 KB ( <1%) overhead. 
      Class:     10.92 MB capacity,    10.19 MB ( 93%) used,   660.23 KB (  6%) free+waste,    90.88 KB ( <1%) overhead. 
       Both:     82.02 MB capacity,    80.02 MB ( 98%) used,     1.72 MB (  2%) free+waste,   292.06 KB ( <1%) overhead. 

Virtual space:
  Non-class space:       74.00 MB reserved,      71.17 MB ( 96%) committed 
      Class space:        1.00 GB reserved,      11.00 MB (  1%) committed 
             Both:        1.07 GB reserved,      82.17 MB (  7%) committed 

Chunk freelists:
   Non-Class:  15.00 KB
       Class:  15.00 KB
        Both:  30.00 KB

MaxMetaspaceSize: 17179869184.00 GB
CompressedClassSpaceSize: 1.00 GB

CodeHeap 'non-profiled nmethods': size=120064Kb used=5514Kb max_used=5514Kb free=114549Kb
 bounds [0x000002c907ac0000, 0x000002c908030000, 0x000002c90f000000]
CodeHeap 'profiled nmethods': size=120000Kb used=21781Kb max_used=21781Kb free=98218Kb
 bounds [0x000002c900590000, 0x000002c901ae0000, 0x000002c907ac0000]
CodeHeap 'non-nmethods': size=5696Kb used=2279Kb max_used=2323Kb free=3416Kb
 bounds [0x000002c900000000, 0x000002c900270000, 0x000002c900590000]
 total_blobs=10746 nmethods=9868 adapters=789
 compilation: enabled
              stopped_count=0, restarted_count=0
 full_count=0

Compilation events (20 events):
Event: 42.713 Thread 0x000002c915a18800 9861       4       com.android.tools.build.jetifier.core.type.JavaType::hasInnerType (16 bytes)
Event: 42.713 Thread 0x000002c97cf86800 nmethod 9859 0x000002c90801e590 code [0x000002c90801e720, 0x000002c90801e9b8]
Event: 42.714 Thread 0x000002c97cf86800 9862       4       java.util.regex.Pattern::compile (498 bytes)
Event: 42.717 Thread 0x000002c915a18800 nmethod 9861 0x000002c90801ec90 code [0x000002c90801ee20, 0x000002c90801efb8]
Event: 42.751 Thread 0x000002c97d894000 9863       3       java.lang.StringUTF16::newString (50 bytes)
Event: 42.752 Thread 0x000002c97d894000 nmethod 9863 0x000002c901acb910 code [0x000002c901acbb20, 0x000002c901acc158]
Event: 42.752 Thread 0x000002c97d894000 9864       3       java.lang.StringUTF16::compress (20 bytes)
Event: 42.752 Thread 0x000002c97d894000 nmethod 9864 0x000002c901acc390 code [0x000002c901acc560, 0x000002c901acc768]
Event: 42.752 Thread 0x000002c97d894000 9865       3       java.lang.AbstractStringBuilder::inflate (42 bytes)
Event: 42.752 Thread 0x000002c97d894000 nmethod 9865 0x000002c901acc810 code [0x000002c901acca00, 0x000002c901accd78]
Event: 42.752 Thread 0x000002c97d894000 9866       3       kotlin.text.Regex::<init> (23 bytes)
Event: 42.753 Thread 0x000002c97d894000 nmethod 9866 0x000002c901accf10 code [0x000002c901acd120, 0x000002c901acd5c8]
Event: 42.753 Thread 0x000002c97d894000 9867       3       kotlin.text.Regex::<init> (17 bytes)
Event: 42.753 Thread 0x000002c97d894000 nmethod 9867 0x000002c901acd790 code [0x000002c901acd960, 0x000002c901acdc08]
Event: 42.754 Thread 0x000002c915a18800 9868       4       java.util.regex.Pattern::range (292 bytes)
Event: 42.764 Thread 0x000002c915a18800 nmethod 9868 0x000002c90801f190 code [0x000002c90801f380, 0x000002c90801f9b0]
Event: 42.764 Thread 0x000002c915a18800 9869       4       java.util.regex.Pattern::atom (422 bytes)
Event: 42.770 Thread 0x000002c97d894000 9872       3       com.android.tools.r8.graph.DexType::<init> (53 bytes)
Event: 42.770 Thread 0x000002c97d894000 nmethod 9872 0x000002c901acdd10 code [0x000002c901acdf00, 0x000002c901ace2f8]
Event: 42.846 Thread 0x000002c915a18800 nmethod 9869 0x000002c90801ff90 code [0x000002c908020260, 0x000002c908021e70]

GC Heap History (20 events):
Event: 37.185 GC heap before
{Heap before GC invocations=22 (full 0):
 garbage-first heap   total 131072K, used 108530K [0x0000000080000000, 0x0000000100000000)
  region size 1024K, 39 young (39936K), 6 survivors (6144K)
 Metaspace       used 76233K, capacity 78145K, committed 78256K, reserved 1118208K
  class space    used 9752K, capacity 10469K, committed 10496K, reserved 1048576K
}
Event: 37.197 GC heap after
{Heap after GC invocations=23 (full 0):
 garbage-first heap   total 131072K, used 78683K [0x0000000080000000, 0x0000000100000000)
  region size 1024K, 3 young (3072K), 3 survivors (3072K)
 Metaspace       used 76233K, capacity 78145K, committed 78256K, reserved 1118208K
  class space    used 9752K, capacity 10469K, committed 10496K, reserved 1048576K
}
Event: 39.123 GC heap before
{Heap before GC invocations=24 (full 0):
 garbage-first heap   total 131072K, used 108379K [0x0000000080000000, 0x0000000100000000)
  region size 1024K, 33 young (33792K), 3 survivors (3072K)
 Metaspace       used 77151K, capacity 79092K, committed 79152K, reserved 1118208K
  class space    used 9863K, capacity 10574K, committed 10624K, reserved 1048576K
}
Event: 39.133 GC heap after
{Heap after GC invocations=25 (full 0):
 garbage-first heap   total 131072K, used 79821K [0x0000000080000000, 0x0000000100000000)
  region size 1024K, 4 young (4096K), 4 survivors (4096K)
 Metaspace       used 77151K, capacity 79092K, committed 79152K, reserved 1118208K
  class space    used 9863K, capacity 10574K, committed 10624K, reserved 1048576K
}
Event: 39.243 GC heap before
{Heap before GC invocations=25 (full 0):
 garbage-first heap   total 131072K, used 80845K [0x0000000080000000, 0x0000000100000000)
  region size 1024K, 6 young (6144K), 4 survivors (4096K)
 Metaspace       used 77193K, capacity 79174K, committed 79408K, reserved 1118208K
  class space    used 9865K, capacity 10577K, committed 10624K, reserved 1048576K
}
Event: 39.249 GC heap after
{Heap after GC invocations=26 (full 0):
 garbage-first heap   total 131072K, used 80105K [0x0000000080000000, 0x0000000100000000)
  region size 1024K, 3 young (3072K), 3 survivors (3072K)
 Metaspace       used 77193K, capacity 79174K, committed 79408K, reserved 1118208K
  class space    used 9865K, capacity 10577K, committed 10624K, reserved 1048576K
}
Event: 40.169 GC heap before
{Heap before GC invocations=27 (full 0):
 garbage-first heap   total 131072K, used 101609K [0x0000000080000000, 0x0000000100000000)
  region size 1024K, 24 young (24576K), 3 survivors (3072K)
 Metaspace       used 77606K, capacity 79544K, committed 79792K, reserved 1118208K
  class space    used 9913K, capacity 10634K, committed 10752K, reserved 1048576K
}
Event: 40.179 GC heap after
{Heap after GC invocations=28 (full 0):
 garbage-first heap   total 131072K, used 81892K [0x0000000080000000, 0x0000000100000000)
  region size 1024K, 3 young (3072K), 3 survivors (3072K)
 Metaspace       used 77606K, capacity 79544K, committed 79792K, reserved 1118208K
  class space    used 9913K, capacity 10634K, committed 10752K, reserved 1048576K
}
Event: 40.956 GC heap before
{Heap before GC invocations=28 (full 0):
 garbage-first heap   total 131072K, used 104420K [0x0000000080000000, 0x0000000100000000)
  region size 1024K, 25 young (25600K), 3 survivors (3072K)
 Metaspace       used 79529K, capacity 81464K, committed 81712K, reserved 1120256K
  class space    used 10123K, capacity 10826K, committed 10880K, reserved 1048576K
}
Event: 40.970 GC heap after
{Heap after GC invocations=29 (full 0):
 garbage-first heap   total 131072K, used 83914K [0x0000000080000000, 0x0000000100000000)
  region size 1024K, 4 young (4096K), 4 survivors (4096K)
 Metaspace       used 79529K, capacity 81464K, committed 81712K, reserved 1120256K
  class space    used 10123K, capacity 10826K, committed 10880K, reserved 1048576K
}
Event: 41.986 GC heap before
{Heap before GC invocations=30 (full 0):
 garbage-first heap   total 131072K, used 105418K [0x0000000080000000, 0x0000000100000000)
  region size 1024K, 26 young (26624K), 4 survivors (4096K)
 Metaspace       used 80279K, capacity 82160K, committed 82352K, reserved 1120256K
  class space    used 10222K, capacity 10922K, committed 11008K, reserved 1048576K
}
Event: 41.998 GC heap after
{Heap after GC invocations=31 (full 0):
 garbage-first heap   total 131072K, used 85863K [0x0000000080000000, 0x0000000100000000)
  region size 1024K, 4 young (4096K), 4 survivors (4096K)
 Metaspace       used 80279K, capacity 82160K, committed 82352K, reserved 1120256K
  class space    used 10222K, capacity 10922K, committed 11008K, reserved 1048576K
}
Event: 42.281 GC heap before
{Heap before GC invocations=31 (full 0):
 garbage-first heap   total 131072K, used 104295K [0x0000000080000000, 0x0000000100000000)
  region size 1024K, 24 young (24576K), 4 survivors (4096K)
 Metaspace       used 80774K, capacity 82799K, committed 82864K, reserved 1122304K
  class space    used 10292K, capacity 10982K, committed 11008K, reserved 1048576K
}
Event: 42.293 GC heap after
{Heap after GC invocations=32 (full 0):
 garbage-first heap   total 131072K, used 89695K [0x0000000080000000, 0x0000000100000000)
  region size 1024K, 4 young (4096K), 4 survivors (4096K)
 Metaspace       used 80774K, capacity 82799K, committed 82864K, reserved 1122304K
  class space    used 10292K, capacity 10982K, committed 11008K, reserved 1048576K
}
Event: 42.377 GC heap before
{Heap before GC invocations=32 (full 0):
 garbage-first heap   total 131072K, used 109151K [0x0000000080000000, 0x0000000100000000)
  region size 1024K, 23 young (23552K), 4 survivors (4096K)
 Metaspace       used 81060K, capacity 83058K, committed 83248K, reserved 1122304K
  class space    used 10328K, capacity 11046K, committed 11136K, reserved 1048576K
}
Event: 42.389 GC heap after
{Heap after GC invocations=33 (full 0):
 garbage-first heap   total 131072K, used 94208K [0x0000000080000000, 0x0000000100000000)
  region size 1024K, 3 young (3072K), 3 survivors (3072K)
 Metaspace       used 81060K, capacity 83058K, committed 83248K, reserved 1122304K
  class space    used 10328K, capacity 11046K, committed 11136K, reserved 1048576K
}
Event: 42.451 GC heap before
{Heap before GC invocations=33 (full 0):
 garbage-first heap   total 131072K, used 108544K [0x0000000080000000, 0x0000000100000000)
  region size 1024K, 18 young (18432K), 3 survivors (3072K)
 Metaspace       used 81294K, capacity 83314K, committed 83504K, reserved 1122304K
  class space    used 10346K, capacity 11046K, committed 11136K, reserved 1048576K
}
Event: 42.454 GC heap after
{Heap after GC invocations=34 (full 0):
 garbage-first heap   total 131072K, used 96198K [0x0000000080000000, 0x0000000100000000)
  region size 1024K, 3 young (3072K), 3 survivors (3072K)
 Metaspace       used 81294K, capacity 83314K, committed 83504K, reserved 1122304K
  class space    used 10346K, capacity 11046K, committed 11136K, reserved 1048576K
}
Event: 42.665 GC heap before
{Heap before GC invocations=35 (full 0):
 garbage-first heap   total 131072K, used 101318K [0x0000000080000000, 0x0000000100000000)
  region size 1024K, 10 young (10240K), 3 survivors (3072K)
 Metaspace       used 81714K, capacity 83788K, committed 83888K, reserved 1124352K
  class space    used 10410K, capacity 11183K, committed 11264K, reserved 1048576K
}
Event: 42.669 GC heap after
{Heap after GC invocations=36 (full 0):
 garbage-first heap   total 131072K, used 97291K [0x0000000080000000, 0x0000000100000000)
  region size 1024K, 2 young (2048K), 2 survivors (2048K)
 Metaspace       used 81714K, capacity 83788K, committed 83888K, reserved 1124352K
  class space    used 10410K, capacity 11183K, committed 11264K, reserved 1048576K
}

Deoptimization events (20 events):
Event: 42.540 Thread 0x000002c97d9d0800 Uncommon trap: trap_request=0xffffffc6 fr.pc=0x000002c907f7ab64 relative=0x0000000000001a44
Event: 42.540 Thread 0x000002c97d9d0800 Uncommon trap: reason=bimorphic_or_optimized_type_check action=maybe_recompile pc=0x000002c907f7ab64 method=java.util.concurrent.ConcurrentHashMap.putVal(Ljava/lang/Object;Ljava/lang/Object;Z)Ljava/lang/Object; @ 159 c2
Event: 42.540 Thread 0x000002c97d9d0800 DEOPT PACKING pc=0x000002c907f7ab64 sp=0x000000ff61ffb040
Event: 42.540 Thread 0x000002c97d9d0800 DEOPT UNPACKING pc=0x000002c9000278af sp=0x000000ff61ffafe0 mode 2
Event: 42.543 Thread 0x000002c97d9cf000 Uncommon trap: trap_request=0xffffffc6 fr.pc=0x000002c907f7ab64 relative=0x0000000000001a44
Event: 42.543 Thread 0x000002c97d9cf000 Uncommon trap: reason=bimorphic_or_optimized_type_check action=maybe_recompile pc=0x000002c907f7ab64 method=java.util.concurrent.ConcurrentHashMap.putVal(Ljava/lang/Object;Ljava/lang/Object;Z)Ljava/lang/Object; @ 159 c2
Event: 42.543 Thread 0x000002c97d9cf000 DEOPT PACKING pc=0x000002c907f7ab64 sp=0x000000ff620fb0c0
Event: 42.543 Thread 0x000002c97d9cf000 DEOPT UNPACKING pc=0x000002c9000278af sp=0x000000ff620fb060 mode 2
Event: 42.547 Thread 0x000002c97d9d3000 Uncommon trap: trap_request=0xffffffde fr.pc=0x000002c907c5a054 relative=0x0000000000000514
Event: 42.547 Thread 0x000002c97d9d3000 Uncommon trap: reason=class_check action=maybe_recompile pc=0x000002c907c5a054 method=java.lang.Throwable.<init>(Ljava/lang/String;Ljava/lang/Throwable;)V @ 24 c2
Event: 42.547 Thread 0x000002c97d9d3000 DEOPT PACKING pc=0x000002c907c5a054 sp=0x000000ff621fcdb0
Event: 42.548 Thread 0x000002c97d9d3000 DEOPT UNPACKING pc=0x000002c9000278af sp=0x000000ff621fcd78 mode 2
Event: 42.670 Thread 0x000002c97d9d3000 Uncommon trap: trap_request=0xffffff4d fr.pc=0x000002c907d6455c relative=0x000000000000019c
Event: 42.670 Thread 0x000002c97d9d3000 Uncommon trap: reason=unstable_if action=reinterpret pc=0x000002c907d6455c method=com.google.gson.stream.JsonReader.nextNonWhitespace(Z)I @ 277 c2
Event: 42.670 Thread 0x000002c97d9d3000 DEOPT PACKING pc=0x000002c907d6455c sp=0x000000ff621fb000
Event: 42.670 Thread 0x000002c97d9d3000 DEOPT UNPACKING pc=0x000002c9000278af sp=0x000000ff621faf80 mode 2
Event: 42.757 Thread 0x000002c97d9d3000 Uncommon trap: trap_request=0xffffffde fr.pc=0x000002c907de3880 relative=0x00000000000002a0
Event: 42.757 Thread 0x000002c97d9d3000 Uncommon trap: reason=class_check action=maybe_recompile pc=0x000002c907de3880 method=java.util.regex.Matcher.search(I)Z @ 121 c2
Event: 42.757 Thread 0x000002c97d9d3000 DEOPT PACKING pc=0x000002c907de3880 sp=0x000000ff621fb770
Event: 42.757 Thread 0x000002c97d9d3000 DEOPT UNPACKING pc=0x000002c9000278af sp=0x000000ff621fb698 mode 2

Classes redefined (0 events):
No events

Internal exceptions (20 events):
Event: 41.319 Thread 0x000002c97e1c3000 Exception <a 'sun/nio/fs/WindowsException'{0x0000000087737398}> (0x0000000087737398) thrown at [./src/hotspot/share/prims/jni.cpp, line 615]
Event: 41.319 Thread 0x000002c97e1c3000 Exception <a 'sun/nio/fs/WindowsException'{0x00000000877384d0}> (0x00000000877384d0) thrown at [./src/hotspot/share/prims/jni.cpp, line 615]
Event: 41.319 Thread 0x000002c97e1c3000 Exception <a 'sun/nio/fs/WindowsException'{0x0000000087739688}> (0x0000000087739688) thrown at [./src/hotspot/share/prims/jni.cpp, line 615]
Event: 41.321 Thread 0x000002c97e1c3000 Exception <a 'sun/nio/fs/WindowsException'{0x000000008773b820}> (0x000000008773b820) thrown at [./src/hotspot/share/prims/jni.cpp, line 615]
Event: 41.321 Thread 0x000002c97e1c3000 Exception <a 'sun/nio/fs/WindowsException'{0x000000008773c958}> (0x000000008773c958) thrown at [./src/hotspot/share/prims/jni.cpp, line 615]
Event: 41.321 Thread 0x000002c97e1c3000 Exception <a 'sun/nio/fs/WindowsException'{0x000000008773db10}> (0x000000008773db10) thrown at [./src/hotspot/share/prims/jni.cpp, line 615]
Event: 41.594 Thread 0x000002c97e1c3000 Exception <a 'sun/nio/fs/WindowsException'{0x000000008724a940}> (0x000000008724a940) thrown at [./src/hotspot/share/prims/jni.cpp, line 615]
Event: 41.595 Thread 0x000002c97e1c3000 Exception <a 'sun/nio/fs/WindowsException'{0x000000008724ba78}> (0x000000008724ba78) thrown at [./src/hotspot/share/prims/jni.cpp, line 615]
Event: 41.596 Thread 0x000002c97e1c3000 Exception <a 'sun/nio/fs/WindowsException'{0x000000008724cc30}> (0x000000008724cc30) thrown at [./src/hotspot/share/prims/jni.cpp, line 615]
Event: 41.598 Thread 0x000002c97e1c3000 Exception <a 'sun/nio/fs/WindowsException'{0x00000000872594b8}> (0x00000000872594b8) thrown at [./src/hotspot/share/prims/jni.cpp, line 615]
Event: 41.598 Thread 0x000002c97e1c3000 Exception <a 'sun/nio/fs/WindowsException'{0x000000008725a5f0}> (0x000000008725a5f0) thrown at [./src/hotspot/share/prims/jni.cpp, line 615]
Event: 41.598 Thread 0x000002c97e1c3000 Exception <a 'sun/nio/fs/WindowsException'{0x000000008725b7a8}> (0x000000008725b7a8) thrown at [./src/hotspot/share/prims/jni.cpp, line 615]
Event: 42.096 Thread 0x000002c97d9d0800 Exception <a 'java/lang/NoSuchMethodError'{0x0000000087b70350}: 'java.lang.Object java.lang.invoke.DirectMethodHandle$Holder.invokeSpecial(java.lang.Object, java.lang.Object, int, java.lang.Object, java.lang.Object)'> (0x0000000087b70350) thrown at [./src/hotspot/share/interpreter/linkResolver.cpp, line 773]
Event: 42.097 Thread 0x000002c97d9d0800 Exception <a 'java/lang/NoSuchMethodError'{0x0000000087be4a60}: 'java.lang.Object java.lang.invoke.DirectMethodHandle$Holder.invokeStatic(java.lang.Object, java.lang.Object, int, java.lang.Object)'> (0x0000000087be4a60) thrown at [./src/hotspot/share/interpreter/linkResolver.cpp, line 773]
Event: 42.097 Thread 0x000002c97d9d0800 Exception <a 'java/lang/NoSuchMethodError'{0x0000000087be89c8}: 'java.lang.Object java.lang.invoke.Invokers$Holder.linkToTargetMethod(java.lang.Object, int, java.lang.Object, java.lang.Object)'> (0x0000000087be89c8) thrown at [./src/hotspot/share/interpreter/linkResolver.cpp, line 773]
Event: 42.269 Thread 0x000002c97d9cf000 Exception <a 'sun/nio/fs/WindowsException'{0x0000000086eb8c70}> (0x0000000086eb8c70) thrown at [./src/hotspot/share/prims/jni.cpp, line 615]
Event: 42.436 Thread 0x000002c97d9d0800 Exception <a 'sun/nio/fs/WindowsException'{0x000000008735a788}> (0x000000008735a788) thrown at [./src/hotspot/share/prims/jni.cpp, line 615]
Event: 42.440 Thread 0x000002c97e1c3000 Exception <a 'sun/nio/fs/WindowsException'{0x0000000087218b40}> (0x0000000087218b40) thrown at [./src/hotspot/share/prims/jni.cpp, line 615]
Event: 42.499 Thread 0x000002c97d9d3000 Exception <a 'java/lang/OutOfMemoryError'{0x0000000087cfec50}> (0x0000000087cfec50) thrown at [./src/hotspot/share/prims/jni.cpp, line 636]
Event: 42.500 Thread 0x000002c97d9d3000 Implicit null exception at 0x000002c907be5d94 to 0x000002c907be68e4

Events (20 events):
Event: 42.824 loading class com/android/tools/r8/utils/IROrdering$IdentityIROrdering
Event: 42.824 loading class com/android/tools/r8/utils/IROrdering$IdentityIROrdering done
Event: 42.825 loading class com/android/tools/r8/utils/InternalOptions$TestingOptions$MinifierTestingOptions
Event: 42.825 loading class com/android/tools/r8/utils/InternalOptions$TestingOptions$MinifierTestingOptions done
Event: 42.825 loading class com/android/tools/r8/utils/InternalOptions$LineNumberOptimization
Event: 42.825 loading class com/android/tools/r8/utils/InternalOptions$LineNumberOptimization done
Event: 42.826 loading class com/android/tools/r8/utils/AndroidApp
Event: 42.826 loading class com/android/tools/r8/utils/AndroidApp done
Event: 42.826 loading class com/android/tools/r8/utils/AndroidApp
Event: 42.826 loading class com/android/tools/r8/utils/AndroidApp done
Event: 42.826 loading class com/android/tools/r8/utils/ExceptionUtils$CompileAction
Event: 42.826 loading class com/android/tools/r8/utils/ExceptionUtils$CompileAction done
Event: 42.831 loading class com/android/tools/r8/utils/AndroidApp
Event: 42.832 loading class com/android/tools/r8/utils/AndroidApp done
Event: 42.834 loading class com/android/tools/r8/utils/ExceptionUtils
Event: 42.834 loading class com/android/tools/r8/utils/ExceptionUtils done
Event: 42.836 loading class com/android/tools/r8/utils/Timing
Event: 42.836 loading class com/android/tools/r8/utils/Timing done
Event: 42.837 loading class com/android/tools/r8/utils/Timing$Node
Event: 42.837 loading class com/android/tools/r8/utils/Timing$Node done


Dynamic libraries:
0x00007ff6ffae0000 - 0x00007ff6ffaea000 	D:\Program Files\Android\Android Studio\jre\bin\java.exe
0x00007ffbf4550000 - 0x00007ffbf4745000 	C:\WINDOWS\SYSTEM32\ntdll.dll
0x00007ffbf3270000 - 0x00007ffbf332e000 	C:\WINDOWS\System32\KERNEL32.DLL
0x00007ffbf1d80000 - 0x00007ffbf2048000 	C:\WINDOWS\System32\KERNELBASE.dll
0x00007ffbf24a0000 - 0x00007ffbf25a0000 	C:\WINDOWS\System32\ucrtbase.dll
0x00007ffbda120000 - 0x00007ffbda137000 	D:\Program Files\Android\Android Studio\jre\bin\VCRUNTIME140.dll
0x00007ffbdb4e0000 - 0x00007ffbdb4f9000 	D:\Program Files\Android\Android Studio\jre\bin\jli.dll
0x00007ffbf2f70000 - 0x00007ffbf3111000 	C:\WINDOWS\System32\USER32.dll
0x00007ffbf2210000 - 0x00007ffbf2232000 	C:\WINDOWS\System32\win32u.dll
0x00007ffbf4040000 - 0x00007ffbf406b000 	C:\WINDOWS\System32\GDI32.dll
0x00007ffbf1c70000 - 0x00007ffbf1d7b000 	C:\WINDOWS\System32\gdi32full.dll
0x00007ffbf2300000 - 0x00007ffbf239d000 	C:\WINDOWS\System32\msvcp_win.dll
0x00007ffbdcc60000 - 0x00007ffbdcefa000 	C:\WINDOWS\WinSxS\amd64_microsoft.windows.common-controls_6595b64144ccf1df_6.0.19041.1110_none_60b5254171f9507e\COMCTL32.dll
0x00007ffbf2dc0000 - 0x00007ffbf2e5e000 	C:\WINDOWS\System32\msvcrt.dll
0x00007ffbf2e60000 - 0x00007ffbf2e90000 	C:\WINDOWS\System32\IMM32.DLL
0x00007ffbb4600000 - 0x00007ffbb469d000 	D:\Program Files\Android\Android Studio\jre\bin\msvcp140.dll
0x00007ffba1700000 - 0x00007ffba21cf000 	D:\Program Files\Android\Android Studio\jre\bin\server\jvm.dll
0x00007ffbf3130000 - 0x00007ffbf31dc000 	C:\WINDOWS\System32\ADVAPI32.dll
0x00007ffbf4470000 - 0x00007ffbf450b000 	C:\WINDOWS\System32\sechost.dll
0x00007ffbf4130000 - 0x00007ffbf425a000 	C:\WINDOWS\System32\RPCRT4.dll
0x00007ffbf3120000 - 0x00007ffbf3128000 	C:\WINDOWS\System32\PSAPI.DLL
0x00007ffbdb140000 - 0x00007ffbdb149000 	C:\WINDOWS\SYSTEM32\WSOCK32.dll
0x00007ffbf4260000 - 0x00007ffbf42cb000 	C:\WINDOWS\System32\WS2_32.dll
0x00007ffbe80f0000 - 0x00007ffbe80fa000 	C:\WINDOWS\SYSTEM32\VERSION.dll
0x00007ffbdd0c0000 - 0x00007ffbdd0e7000 	C:\WINDOWS\SYSTEM32\WINMM.dll
0x00007ffbf04d0000 - 0x00007ffbf04e2000 	C:\WINDOWS\SYSTEM32\kernel.appcore.dll
0x00007ffbeb810000 - 0x00007ffbeb821000 	D:\Program Files\Android\Android Studio\jre\bin\verify.dll
0x00007ffbefa00000 - 0x00007ffbefbe4000 	C:\WINDOWS\SYSTEM32\DBGHELP.DLL
0x00007ffbd3fa0000 - 0x00007ffbd3fcc000 	C:\WINDOWS\SYSTEM32\dbgcore.DLL
0x00007ffbf2270000 - 0x00007ffbf22f3000 	C:\WINDOWS\System32\bcryptPrimitives.dll
0x00007ffbccd70000 - 0x00007ffbccd99000 	D:\Program Files\Android\Android Studio\jre\bin\java.dll
0x00007ffbe9c50000 - 0x00007ffbe9c5b000 	D:\Program Files\Android\Android Studio\jre\bin\jimage.dll
0x00007ffbe9210000 - 0x00007ffbe9228000 	D:\Program Files\Android\Android Studio\jre\bin\zip.dll
0x00007ffbf38a0000 - 0x00007ffbf3fdf000 	C:\WINDOWS\System32\SHELL32.dll
0x00007ffbefbf0000 - 0x00007ffbf0380000 	C:\WINDOWS\SYSTEM32\windows.storage.dll
0x00007ffbf34e0000 - 0x00007ffbf3835000 	C:\WINDOWS\System32\combase.dll
0x00007ffbf16c0000 - 0x00007ffbf16ee000 	C:\WINDOWS\SYSTEM32\Wldp.dll
0x00007ffbf4070000 - 0x00007ffbf411d000 	C:\WINDOWS\System32\SHCORE.dll
0x00007ffbf3840000 - 0x00007ffbf3895000 	C:\WINDOWS\System32\shlwapi.dll
0x00007ffbf1bb0000 - 0x00007ffbf1bcf000 	C:\WINDOWS\SYSTEM32\profapi.dll
0x00007ffbda820000 - 0x00007ffbda83a000 	D:\Program Files\Android\Android Studio\jre\bin\net.dll
0x00007ffbe66c0000 - 0x00007ffbe67cc000 	C:\WINDOWS\SYSTEM32\WINHTTP.dll
0x00007ffbf1420000 - 0x00007ffbf148a000 	C:\WINDOWS\system32\mswsock.dll
0x00007ffbda260000 - 0x00007ffbda274000 	D:\Program Files\Android\Android Studio\jre\bin\nio.dll
0x00007ffbe9250000 - 0x00007ffbe9276000 	D:\.gradle\native\31\windows-amd64\native-platform.dll
0x00007ffbe87a0000 - 0x00007ffbe87aa000 	D:\Program Files\Android\Android Studio\jre\bin\management.dll
0x00007ffbe5f50000 - 0x00007ffbe5f5c000 	D:\Program Files\Android\Android Studio\jre\bin\management_ext.dll
0x00007ffbf1620000 - 0x00007ffbf1638000 	C:\WINDOWS\SYSTEM32\CRYPTSP.dll
0x00007ffbf0d30000 - 0x00007ffbf0d64000 	C:\WINDOWS\system32\rsaenh.dll
0x00007ffbf2240000 - 0x00007ffbf2267000 	C:\WINDOWS\System32\bcrypt.dll
0x00007ffbf1b30000 - 0x00007ffbf1b5e000 	C:\WINDOWS\SYSTEM32\USERENV.dll
0x00007ffbf1610000 - 0x00007ffbf161c000 	C:\WINDOWS\SYSTEM32\CRYPTBASE.dll
0x00007ffbf10c0000 - 0x00007ffbf10fb000 	C:\WINDOWS\SYSTEM32\IPHLPAPI.DLL
0x00007ffbf4120000 - 0x00007ffbf4128000 	C:\WINDOWS\System32\NSI.dll
0x00007ffbe85f0000 - 0x00007ffbe8607000 	C:\WINDOWS\SYSTEM32\dhcpcsvc6.DLL
0x00007ffbe8910000 - 0x00007ffbe892d000 	C:\WINDOWS\SYSTEM32\dhcpcsvc.DLL
0x00007ffbf1110000 - 0x00007ffbf11db000 	C:\WINDOWS\SYSTEM32\DNSAPI.dll

dbghelp: loaded successfully - version: 4.0.5 - missing functions: none
symbol engine: initialized successfully - sym options: 0x614 - pdb path: .;D:\Program Files\Android\Android Studio\jre\bin;C:\WINDOWS\SYSTEM32;C:\WINDOWS\WinSxS\amd64_microsoft.windows.common-controls_6595b64144ccf1df_6.0.19041.1110_none_60b5254171f9507e;D:\Program Files\Android\Android Studio\jre\bin\server;D:\.gradle\native\31\windows-amd64

VM Arguments:
jvm_args: --add-opens=java.base/java.util=ALL-UNNAMED --add-opens=java.base/java.lang=ALL-UNNAMED --add-opens=java.base/java.lang.invoke=ALL-UNNAMED --add-opens=java.prefs/java.util.prefs=ALL-UNNAMED -Xmx2048m -Dfile.encoding=UTF-8 -Duser.country=CN -Duser.language=zh -Duser.variant 
java_command: org.gradle.launcher.daemon.bootstrap.GradleDaemon 6.1.1
java_class_path (initial): D:\.gradle\wrapper\dists\gradle-6.1.1-bin\4i3ntwqiazourd86epxcz427c\gradle-6.1.1\lib\gradle-launcher-6.1.1.jar
Launcher Type: SUN_STANDARD

[Global flags]
     intx CICompilerCount                          = 3                                         {product} {ergonomic}
     uint ConcGCThreads                            = 1                                         {product} {ergonomic}
     uint G1ConcRefinementThreads                  = 4                                         {product} {ergonomic}
   size_t G1HeapRegionSize                         = 1048576                                   {product} {ergonomic}
    uintx GCDrainStackTargetSize                   = 64                                        {product} {ergonomic}
   size_t InitialHeapSize                          = 134217728                                 {product} {ergonomic}
   size_t MarkStackSize                            = 4194304                                   {product} {ergonomic}
   size_t MaxHeapSize                              = 2147483648                                {product} {command line}
   size_t MaxNewSize                               = 1287651328                                {product} {ergonomic}
   size_t MinHeapDeltaBytes                        = 1048576                                   {product} {ergonomic}
    uintx NonNMethodCodeHeapSize                   = 5830732                                {pd product} {ergonomic}
    uintx NonProfiledCodeHeapSize                  = 122913754                              {pd product} {ergonomic}
    uintx ProfiledCodeHeapSize                     = 122913754                              {pd product} {ergonomic}
    uintx ReservedCodeCacheSize                    = 251658240                              {pd product} {ergonomic}
     bool SegmentedCodeCache                       = true                                      {product} {ergonomic}
     bool UseCompressedClassPointers               = true                                 {lp64_product} {ergonomic}
     bool UseCompressedOops                        = true                                 {lp64_product} {ergonomic}
     bool UseG1GC                                  = true                                      {product} {ergonomic}
     bool UseLargePagesIndividualAllocation        = false                                  {pd product} {ergonomic}

Logging:
Log output configuration:
 #0: stdout all=warning uptime,level,tags
 #1: stderr all=off uptime,level,tags

Environment Variables:
JAVA_HOME=D:\JAVA2
PATH=C:\Program Files (x86)\Intel\iCLS Client\;C:\Program Files\Intel\iCLS Client\;C:\Windows\system32;C:\Windows;C:\Windows\System32\Wbem;C:\Windows\System32\WindowsPowerShell\v1.0\;C:\Program Files (x86)\Intel\Intel(R) Management Engine Components\DAL;C:\Program Files\Intel\Intel(R) Management Engine Components\DAL;C:\Program Files (x86)\Intel\Intel(R) Management Engine Components\IPT;C:\Program Files\Intel\Intel(R) Management Engine Components\IPT;C:\Program Files (x86)\NVIDIA Corporation\PhysX\Common;C:\WINDOWS\system32;C:\WINDOWS;C:\WINDOWS\System32\Wbem;C:\WINDOWS\System32\WindowsPowerShell\v1.0\;C:\WINDOWS\System32\OpenSSH\;C:\Program Files\Intel\WiFi\bin\;C:\Program Files\Common Files\Intel\WirelessCommon\;D:\ChemScript\Lib;D:\JAVA2\bin;D:\suijimoni\bin;C:\Program Files\MySQL\MySQL Server 8.0\bin\bin;C:\Program Files\MySQL\MySQL Server 8.0\bin;D:\develop\apache-maven-3.6.3-bin\apache-maven-3.6.3\bin;c:\Program Files (x86)\Microsoft SQL Server\110\Tools\Binn\;c:\Program Files\Microsoft SQL Server\110\Tools\Binn\;c:\Program Files\Microsoft SQL Server\110\DTS\Binn\;C:\Program Files (x86)\Common Files\AspenTech Shared\;D:\Program Files (x86)\Git\cmd;c:\esst\PISPNETRUN\ES3D\bin;D:\Program Files\Redis\;C:\WINDOWS\system32;C:\WINDOWS;C:\WINDOWS\System32\Wbem;C:\WINDOWS\System32\WindowsPowerShell\v1.0\;C:\WINDOWS\System32\OpenSSH\;D:\elasticsearch-6.4.3\elasticsearch-6.4.3\bin;D:\gradle-7.0.2-bin\857tjihv64xamwrf0h14cai3r\gradle-7.0.2\bin;C:\Program Files\MySQL\MySQL Shell 8.0\bin\;C:\Users\ASUS\AppData\Local\Microsoft\WindowsApps
USERNAME=ASUS
OS=Windows_NT
PROCESSOR_IDENTIFIER=Intel64 Family 6 Model 142 Stepping 9, GenuineIntel



---------------  S Y S T E M  ---------------

OS: Windows 10 , 64 bit Build 19041 (10.0.19041.1348)
OS uptime: 8 days 1:41 hours

CPU:total 4 (initial active 4) (2 cores per cpu, 2 threads per core) family 6 model 142 stepping 9 microcode 0xb4, cmov, cx8, fxsr, mmx, sse, sse2, sse3, ssse3, sse4.1, sse4.2, popcnt, avx, avx2, aes, clmul, erms, 3dnowpref, lzcnt, ht, tsc, tscinvbit, bmi1, bmi2, adx, fma

Memory: 4k page, system-wide physical 8075M (385M free)
TotalPageFile size 23223M (AvailPageFile size 5M)
current process WorkingSet (physical memory assigned to process): 362M, peak: 370M
current process commit charge ("private bytes"): 404M, peak: 405M

vm_info: OpenJDK 64-Bit Server VM (11.0.10+0-b96-7249189) for windows-amd64 JRE (11.0.10+0-b96-7249189), built on Mar 31 2021 21:44:00 by "builder" with MS VC++ 14.0 (VS2015)

END.
